{"/Users/Lucas/Projects/github-repos-poc/src/App.vue": {"path":"/Users/Lucas/Projects/github-repos-poc/src/App.vue","statementMap":{"0":{"start":{"line":11,"column":0},"end":{"line":null,"column":-1}}},"fnMap":{},"branchMap":{},"s":{"0":1},"f":{},"b":{}}
,"/Users/Lucas/Projects/github-repos-poc/src/components/Home.vue": {"path":"/Users/Lucas/Projects/github-repos-poc/src/components/Home.vue","statementMap":{"0":{"start":{"line":47,"column":0},"end":{"line":null,"column":-1}},"1":{"start":{"line":48,"column":0},"end":{"line":null,"column":-1}},"2":{"start":{"line":49,"column":0},"end":{"line":null,"column":-1}},"3":{"start":{"line":50,"column":0},"end":{"line":null,"column":-1}},"4":{"start":{"line":51,"column":0},"end":{"line":null,"column":-1}},"5":{"start":{"line":92,"column":0},"end":{"line":96,"column":0}},"6":{"start":{"line":93,"column":0},"end":{"line":null,"column":-1}},"7":{"start":{"line":95,"column":0},"end":{"line":null,"column":-1}},"8":{"start":{"line":98,"column":0},"end":{"line":100,"column":0}},"9":{"start":{"line":99,"column":0},"end":{"line":null,"column":-1}},"10":{"start":{"line":102,"column":0},"end":{"line":null,"column":-1}},"11":{"start":{"line":106,"column":0},"end":{"line":108,"column":0}},"12":{"start":{"line":107,"column":0},"end":{"line":null,"column":-1}},"13":{"start":{"line":110,"column":0},"end":{"line":null,"column":-1}},"14":{"start":{"line":114,"column":0},"end":{"line":null,"column":-1}},"15":{"start":{"line":118,"column":0},"end":{"line":122,"column":0}},"16":{"start":{"line":119,"column":0},"end":{"line":null,"column":-1}},"17":{"start":{"line":121,"column":0},"end":{"line":null,"column":-1}},"18":{"start":{"line":127,"column":0},"end":{"line":null,"column":-1}},"19":{"start":{"line":137,"column":0},"end":{"line":null,"column":-1}},"20":{"start":{"line":146,"column":0},"end":{"line":154,"column":0}},"21":{"start":{"line":147,"column":0},"end":{"line":null,"column":-1}},"22":{"start":{"line":149,"column":0},"end":{"line":151,"column":0}},"23":{"start":{"line":150,"column":0},"end":{"line":null,"column":-1}},"24":{"start":{"line":153,"column":0},"end":{"line":null,"column":-1}},"25":{"start":{"line":156,"column":0},"end":{"line":null,"column":-1}},"26":{"start":{"line":161,"column":0},"end":{"line":null,"column":-1}},"27":{"start":{"line":165,"column":0},"end":{"line":null,"column":-1}},"28":{"start":{"line":166,"column":0},"end":{"line":null,"column":-1}},"29":{"start":{"line":168,"column":0},"end":{"line":170,"column":0}},"30":{"start":{"line":169,"column":0},"end":{"line":null,"column":-1}},"31":{"start":{"line":172,"column":0},"end":{"line":null,"column":-1}},"32":{"start":{"line":173,"column":0},"end":{"line":null,"column":-1}},"33":{"start":{"line":177,"column":0},"end":{"line":null,"column":-1}},"34":{"start":{"line":178,"column":0},"end":{"line":null,"column":-1}},"35":{"start":{"line":180,"column":0},"end":{"line":182,"column":0}},"36":{"start":{"line":181,"column":0},"end":{"line":null,"column":-1}},"37":{"start":{"line":184,"column":0},"end":{"line":null,"column":-1}},"38":{"start":{"line":185,"column":0},"end":{"line":null,"column":-1}},"39":{"start":{"line":188,"column":0},"end":{"line":null,"column":-1}},"40":{"start":{"line":189,"column":0},"end":{"line":190,"column":0}},"41":{"start":{"line":190,"column":0},"end":{"line":null,"column":-1}}},"fnMap":{"0":{"name":"counter","decl":{"start":{"line":91,"column":0},"end":{"line":null,"column":-1}},"loc":{"start":{"line":91,"column":0},"end":{"line":103,"column":0}}},"1":{"name":"selectedFilters","decl":{"start":{"line":105,"column":0},"end":{"line":null,"column":-1}},"loc":{"start":{"line":105,"column":0},"end":{"line":111,"column":0}}},"2":{"name":"sorting","decl":{"start":{"line":113,"column":0},"end":{"line":null,"column":-1}},"loc":{"start":{"line":113,"column":0},"end":{"line":115,"column":0}}},"3":{"name":"totalPages","decl":{"start":{"line":117,"column":0},"end":{"line":null,"column":-1}},"loc":{"start":{"line":117,"column":0},"end":{"line":123,"column":0}}},"4":{"name":"created","decl":{"start":{"line":126,"column":0},"end":{"line":null,"column":-1}},"loc":{"start":{"line":126,"column":0},"end":{"line":128,"column":0}}},"5":{"name":"goTo","decl":{"start":{"line":136,"column":0},"end":{"line":null,"column":-1}},"loc":{"start":{"line":136,"column":0},"end":{"line":143,"column":0}}},"6":{"name":"search","decl":{"start":{"line":145,"column":0},"end":{"line":null,"column":-1}},"loc":{"start":{"line":145,"column":0},"end":{"line":162,"column":0}}},"7":{"name":"selectLanguage","decl":{"start":{"line":164,"column":0},"end":{"line":null,"column":-1}},"loc":{"start":{"line":164,"column":0},"end":{"line":174,"column":0}}},"8":{"name":"setFilters","decl":{"start":{"line":176,"column":0},"end":{"line":null,"column":-1}},"loc":{"start":{"line":176,"column":0},"end":{"line":186,"column":0}}},"9":{"name":"setSorting","decl":{"start":{"line":188,"column":0},"end":{"line":null,"column":-1}},"loc":{"start":{"line":188,"column":0},"end":{"line":194,"column":0}}},"10":{"name":"(anonymous_12)","decl":{"start":{"line":189,"column":0},"end":{"line":null,"column":-1}},"loc":{"start":{"line":189,"column":0},"end":{"line":190,"column":0}}}},"branchMap":{"0":{"loc":{"start":{"line":92,"column":0},"end":{"line":96,"column":0}},"type":"if","locations":[{"start":{"line":92,"column":0},"end":{"line":96,"column":0}},{"start":{"line":92,"column":0},"end":{"line":96,"column":0}}]},"1":{"loc":{"start":{"line":92,"column":0},"end":{"line":null,"column":-1}},"type":"binary-expr","locations":[{"start":{"line":92,"column":0},"end":{"line":null,"column":-1}},{"start":{"line":92,"column":0},"end":{"line":null,"column":-1}}]},"2":{"loc":{"start":{"line":98,"column":0},"end":{"line":100,"column":0}},"type":"if","locations":[{"start":{"line":98,"column":0},"end":{"line":100,"column":0}},{"start":{"line":98,"column":0},"end":{"line":100,"column":0}}]},"3":{"loc":{"start":{"line":106,"column":0},"end":{"line":108,"column":0}},"type":"if","locations":[{"start":{"line":106,"column":0},"end":{"line":108,"column":0}},{"start":{"line":106,"column":0},"end":{"line":108,"column":0}}]},"4":{"loc":{"start":{"line":118,"column":0},"end":{"line":122,"column":0}},"type":"if","locations":[{"start":{"line":118,"column":0},"end":{"line":122,"column":0}},{"start":{"line":118,"column":0},"end":{"line":122,"column":0}}]},"5":{"loc":{"start":{"line":118,"column":0},"end":{"line":null,"column":-1}},"type":"binary-expr","locations":[{"start":{"line":118,"column":0},"end":{"line":null,"column":-1}},{"start":{"line":118,"column":0},"end":{"line":null,"column":-1}}]},"6":{"loc":{"start":{"line":146,"column":0},"end":{"line":154,"column":0}},"type":"if","locations":[{"start":{"line":146,"column":0},"end":{"line":154,"column":0}},{"start":{"line":146,"column":0},"end":{"line":154,"column":0}}]},"7":{"loc":{"start":{"line":149,"column":0},"end":{"line":151,"column":0}},"type":"if","locations":[{"start":{"line":149,"column":0},"end":{"line":151,"column":0}},{"start":{"line":149,"column":0},"end":{"line":151,"column":0}}]},"8":{"loc":{"start":{"line":168,"column":0},"end":{"line":170,"column":0}},"type":"if","locations":[{"start":{"line":168,"column":0},"end":{"line":170,"column":0}},{"start":{"line":168,"column":0},"end":{"line":170,"column":0}}]},"9":{"loc":{"start":{"line":180,"column":0},"end":{"line":182,"column":0}},"type":"if","locations":[{"start":{"line":180,"column":0},"end":{"line":182,"column":0}},{"start":{"line":180,"column":0},"end":{"line":182,"column":0}}]}},"s":{"0":0,"1":0,"2":0,"3":0,"4":0,"5":0,"6":0,"7":0,"8":0,"9":0,"10":0,"11":0,"12":0,"13":0,"14":0,"15":0,"16":0,"17":0,"18":0,"19":0,"20":0,"21":0,"22":0,"23":0,"24":0,"25":0,"26":0,"27":0,"28":0,"29":0,"30":0,"31":0,"32":0,"33":0,"34":0,"35":0,"36":0,"37":0,"38":0,"39":0,"40":0,"41":0},"f":{"0":0,"1":0,"2":0,"3":0,"4":0,"5":0,"6":0,"7":0,"8":0,"9":0,"10":0},"b":{"0":[0,0],"1":[0,0],"2":[0,0],"3":[0,0],"4":[0,0],"5":[0,0],"6":[0,0],"7":[0,0],"8":[0,0],"9":[0,0]}}
,"/Users/Lucas/Projects/github-repos-poc/src/components/RepositoryCard.vue": {"path":"/Users/Lucas/Projects/github-repos-poc/src/components/RepositoryCard.vue","statementMap":{"0":{"start":{"line":34,"column":0},"end":{"line":null,"column":-1}},"1":{"start":{"line":35,"column":0},"end":{"line":null,"column":-1}},"2":{"start":{"line":36,"column":0},"end":{"line":null,"column":-1}},"3":{"start":{"line":37,"column":0},"end":{"line":null,"column":-1}},"4":{"start":{"line":113,"column":0},"end":{"line":null,"column":-1}},"5":{"start":{"line":123,"column":0},"end":{"line":null,"column":-1}},"6":{"start":{"line":125,"column":0},"end":{"line":null,"column":-1}},"7":{"start":{"line":132,"column":0},"end":{"line":null,"column":-1}},"8":{"start":{"line":134,"column":0},"end":{"line":null,"column":-1}},"9":{"start":{"line":135,"column":0},"end":{"line":null,"column":-1}},"10":{"start":{"line":136,"column":0},"end":{"line":null,"column":-1}},"11":{"start":{"line":138,"column":0},"end":{"line":140,"column":0}},"12":{"start":{"line":139,"column":0},"end":{"line":null,"column":-1}},"13":{"start":{"line":142,"column":0},"end":{"line":null,"column":-1}},"14":{"start":{"line":145,"column":0},"end":{"line":null,"column":-1}},"15":{"start":{"line":146,"column":0},"end":{"line":null,"column":-1}},"16":{"start":{"line":147,"column":0},"end":{"line":null,"column":-1}},"17":{"start":{"line":148,"column":0},"end":{"line":null,"column":-1}},"18":{"start":{"line":150,"column":0},"end":{"line":152,"column":0}},"19":{"start":{"line":151,"column":0},"end":{"line":null,"column":-1}},"20":{"start":{"line":154,"column":0},"end":{"line":171,"column":0}},"21":{"start":{"line":155,"column":0},"end":{"line":null,"column":-1}},"22":{"start":{"line":156,"column":0},"end":{"line":null,"column":-1}},"23":{"start":{"line":173,"column":0},"end":{"line":176,"column":0}},"24":{"start":{"line":174,"column":0},"end":{"line":null,"column":-1}},"25":{"start":{"line":175,"column":0},"end":{"line":null,"column":-1}},"26":{"start":{"line":178,"column":0},"end":{"line":180,"column":0}},"27":{"start":{"line":179,"column":0},"end":{"line":null,"column":-1}},"28":{"start":{"line":182,"column":0},"end":{"line":null,"column":-1}},"29":{"start":{"line":183,"column":0},"end":{"line":null,"column":-1}},"30":{"start":{"line":184,"column":0},"end":{"line":null,"column":-1}},"31":{"start":{"line":185,"column":0},"end":{"line":null,"column":-1}}},"fnMap":{"0":{"name":"data","decl":{"start":{"line":112,"column":0},"end":{"line":null,"column":-1}},"loc":{"start":{"line":112,"column":0},"end":{"line":117,"column":0}}},"1":{"name":"lastUpdate","decl":{"start":{"line":122,"column":0},"end":{"line":null,"column":-1}},"loc":{"start":{"line":122,"column":0},"end":{"line":126,"column":0}}},"2":{"name":"formatNumber","decl":{"start":{"line":132,"column":0},"end":{"line":null,"column":-1}},"loc":{"start":{"line":132,"column":0},"end":{"line":null,"column":-1}}},"3":{"name":"checkStar","decl":{"start":{"line":134,"column":0},"end":{"line":null,"column":-1}},"loc":{"start":{"line":134,"column":0},"end":{"line":143,"column":0}}},"4":{"name":"(anonymous_7)","decl":{"start":{"line":142,"column":0},"end":{"line":null,"column":-1}},"loc":{"start":{"line":142,"column":0},"end":{"line":null,"column":-1}}},"5":{"name":"starRepo","decl":{"start":{"line":145,"column":0},"end":{"line":null,"column":-1}},"loc":{"start":{"line":145,"column":0},"end":{"line":186,"column":0}}},"6":{"name":"(anonymous_9)","decl":{"start":{"line":151,"column":0},"end":{"line":null,"column":-1}},"loc":{"start":{"line":151,"column":0},"end":{"line":null,"column":-1}}},"7":{"name":"(anonymous_10)","decl":{"start":{"line":174,"column":0},"end":{"line":null,"column":-1}},"loc":{"start":{"line":174,"column":0},"end":{"line":null,"column":-1}}}},"branchMap":{"0":{"loc":{"start":{"line":136,"column":0},"end":{"line":null,"column":-1}},"type":"binary-expr","locations":[{"start":{"line":136,"column":0},"end":{"line":null,"column":-1}},{"start":{"line":136,"column":0},"end":{"line":null,"column":-1}}]},"1":{"loc":{"start":{"line":138,"column":0},"end":{"line":140,"column":0}},"type":"if","locations":[{"start":{"line":138,"column":0},"end":{"line":140,"column":0}},{"start":{"line":138,"column":0},"end":{"line":140,"column":0}}]},"2":{"loc":{"start":{"line":138,"column":0},"end":{"line":null,"column":-1}},"type":"binary-expr","locations":[{"start":{"line":138,"column":0},"end":{"line":null,"column":-1}},{"start":{"line":138,"column":0},"end":{"line":null,"column":-1}}]},"3":{"loc":{"start":{"line":146,"column":0},"end":{"line":null,"column":-1}},"type":"binary-expr","locations":[{"start":{"line":146,"column":0},"end":{"line":null,"column":-1}},{"start":{"line":146,"column":0},"end":{"line":null,"column":-1}}]},"4":{"loc":{"start":{"line":150,"column":0},"end":{"line":152,"column":0}},"type":"if","locations":[{"start":{"line":150,"column":0},"end":{"line":152,"column":0}},{"start":{"line":150,"column":0},"end":{"line":152,"column":0}}]},"5":{"loc":{"start":{"line":150,"column":0},"end":{"line":null,"column":-1}},"type":"binary-expr","locations":[{"start":{"line":150,"column":0},"end":{"line":null,"column":-1}},{"start":{"line":150,"column":0},"end":{"line":null,"column":-1}}]},"6":{"loc":{"start":{"line":154,"column":0},"end":{"line":171,"column":0}},"type":"if","locations":[{"start":{"line":154,"column":0},"end":{"line":171,"column":0}},{"start":{"line":154,"column":0},"end":{"line":171,"column":0}}]},"7":{"loc":{"start":{"line":173,"column":0},"end":{"line":176,"column":0}},"type":"if","locations":[{"start":{"line":173,"column":0},"end":{"line":176,"column":0}},{"start":{"line":173,"column":0},"end":{"line":176,"column":0}}]},"8":{"loc":{"start":{"line":178,"column":0},"end":{"line":180,"column":0}},"type":"if","locations":[{"start":{"line":178,"column":0},"end":{"line":180,"column":0}},{"start":{"line":178,"column":0},"end":{"line":180,"column":0}}]}},"s":{"0":2,"1":2,"2":2,"3":2,"4":6,"5":6,"6":6,"7":22,"8":7,"9":7,"10":7,"11":7,"12":0,"13":7,"14":2,"15":2,"16":2,"17":2,"18":2,"19":2,"20":2,"21":1,"22":1,"23":2,"24":2,"25":1,"26":2,"27":1,"28":2,"29":2,"30":2,"31":2},"f":{"0":6,"1":6,"2":22,"3":7,"4":0,"5":2,"6":1,"7":1},"b":{"0":[7,7],"1":[0,7],"2":[7,7],"3":[2,0],"4":[1,1],"5":[2,2],"6":[1,1],"7":[1,1],"8":[1,1]}}
,"/Users/Lucas/Projects/github-repos-poc/src/components/StarredRepos.vue": {"path":"/Users/Lucas/Projects/github-repos-poc/src/components/StarredRepos.vue","statementMap":{"0":{"start":{"line":46,"column":0},"end":{"line":null,"column":-1}},"1":{"start":{"line":47,"column":0},"end":{"line":null,"column":-1}},"2":{"start":{"line":48,"column":0},"end":{"line":null,"column":-1}},"3":{"start":{"line":49,"column":0},"end":{"line":null,"column":-1}},"4":{"start":{"line":60,"column":0},"end":{"line":null,"column":-1}},"5":{"start":{"line":69,"column":0},"end":{"line":84,"column":0}},"6":{"start":{"line":70,"column":0},"end":{"line":72,"column":0}},"7":{"start":{"line":71,"column":0},"end":{"line":null,"column":-1}},"8":{"start":{"line":72,"column":0},"end":{"line":null,"column":-1}},"9":{"start":{"line":75,"column":0},"end":{"line":76,"column":0}},"10":{"start":{"line":82,"column":0},"end":{"line":null,"column":-1}},"11":{"start":{"line":83,"column":0},"end":{"line":null,"column":-1}},"12":{"start":{"line":86,"column":0},"end":{"line":null,"column":-1}},"13":{"start":{"line":90,"column":0},"end":{"line":92,"column":0}},"14":{"start":{"line":91,"column":0},"end":{"line":null,"column":-1}},"15":{"start":{"line":94,"column":0},"end":{"line":null,"column":-1}},"16":{"start":{"line":98,"column":0},"end":{"line":null,"column":-1}},"17":{"start":{"line":103,"column":0},"end":{"line":null,"column":-1}},"18":{"start":{"line":110,"column":0},"end":{"line":null,"column":-1}}},"fnMap":{"0":{"name":"data","decl":{"start":{"line":59,"column":0},"end":{"line":null,"column":-1}},"loc":{"start":{"line":59,"column":0},"end":{"line":63,"column":0}}},"1":{"name":"availableFilters","decl":{"start":{"line":68,"column":0},"end":{"line":null,"column":-1}},"loc":{"start":{"line":68,"column":0},"end":{"line":87,"column":0}}},"2":{"name":"(anonymous_4)","decl":{"start":{"line":70,"column":0},"end":{"line":null,"column":-1}},"loc":{"start":{"line":70,"column":0},"end":{"line":71,"column":0}}},"3":{"name":"(anonymous_5)","decl":{"start":{"line":71,"column":0},"end":{"line":null,"column":-1}},"loc":{"start":{"line":71,"column":0},"end":{"line":72,"column":0}}},"4":{"name":"counter","decl":{"start":{"line":89,"column":0},"end":{"line":null,"column":-1}},"loc":{"start":{"line":89,"column":0},"end":{"line":95,"column":0}}},"5":{"name":"hasRepos","decl":{"start":{"line":97,"column":0},"end":{"line":null,"column":-1}},"loc":{"start":{"line":97,"column":0},"end":{"line":99,"column":0}}},"6":{"name":"mounted","decl":{"start":{"line":102,"column":0},"end":{"line":null,"column":-1}},"loc":{"start":{"line":102,"column":0},"end":{"line":104,"column":0}}},"7":{"name":"updateList","decl":{"start":{"line":109,"column":0},"end":{"line":null,"column":-1}},"loc":{"start":{"line":109,"column":0},"end":{"line":111,"column":0}}}},"branchMap":{"0":{"loc":{"start":{"line":69,"column":0},"end":{"line":84,"column":0}},"type":"if","locations":[{"start":{"line":69,"column":0},"end":{"line":84,"column":0}},{"start":{"line":69,"column":0},"end":{"line":84,"column":0}}]},"1":{"loc":{"start":{"line":69,"column":0},"end":{"line":null,"column":-1}},"type":"binary-expr","locations":[{"start":{"line":69,"column":0},"end":{"line":null,"column":-1}},{"start":{"line":69,"column":0},"end":{"line":null,"column":-1}}]},"2":{"loc":{"start":{"line":90,"column":0},"end":{"line":92,"column":0}},"type":"if","locations":[{"start":{"line":90,"column":0},"end":{"line":92,"column":0}},{"start":{"line":90,"column":0},"end":{"line":92,"column":0}}]},"3":{"loc":{"start":{"line":90,"column":0},"end":{"line":null,"column":-1}},"type":"binary-expr","locations":[{"start":{"line":90,"column":0},"end":{"line":null,"column":-1}},{"start":{"line":90,"column":0},"end":{"line":null,"column":-1}}]},"4":{"loc":{"start":{"line":98,"column":0},"end":{"line":null,"column":-1}},"type":"binary-expr","locations":[{"start":{"line":98,"column":0},"end":{"line":null,"column":-1}},{"start":{"line":98,"column":0},"end":{"line":null,"column":-1}}]}},"s":{"0":0,"1":0,"2":0,"3":0,"4":0,"5":0,"6":0,"7":0,"8":0,"9":0,"10":0,"11":0,"12":0,"13":0,"14":0,"15":0,"16":0,"17":0,"18":0},"f":{"0":0,"1":0,"2":0,"3":0,"4":0,"5":0,"6":0,"7":0},"b":{"0":[0,0],"1":[0,0],"2":[0,0],"3":[0,0],"4":[0,0]}}
,"/Users/Lucas/Projects/github-repos-poc/src/components/ui/UiFilters.vue": {"path":"/Users/Lucas/Projects/github-repos-poc/src/components/ui/UiFilters.vue","statementMap":{"0":{"start":{"line":25,"column":0},"end":{"line":null,"column":-1}},"1":{"start":{"line":34,"column":0},"end":{"line":35,"column":0}},"2":{"start":{"line":61,"column":0},"end":{"line":null,"column":-1}},"3":{"start":{"line":67,"column":0},"end":{"line":null,"column":-1}}},"fnMap":{"0":{"name":"data","decl":{"start":{"line":24,"column":0},"end":{"line":null,"column":-1}},"loc":{"start":{"line":24,"column":0},"end":{"line":28,"column":0}}},"1":{"name":"_default","decl":{"start":{"line":34,"column":0},"end":{"line":null,"column":-1}},"loc":{"start":{"line":34,"column":0},"end":{"line":null,"column":-1}}},"2":{"name":"_default","decl":{"start":{"line":61,"column":0},"end":{"line":null,"column":-1}},"loc":{"start":{"line":61,"column":0},"end":{"line":null,"column":-1}}},"3":{"name":"selectFilters","decl":{"start":{"line":66,"column":0},"end":{"line":null,"column":-1}},"loc":{"start":{"line":66,"column":0},"end":{"line":68,"column":0}}}},"branchMap":{},"s":{"0":0,"1":0,"2":0,"3":0},"f":{"0":0,"1":0,"2":0,"3":0},"b":{}}
,"/Users/Lucas/Projects/github-repos-poc/src/components/ui/UiPagination.vue": {"path":"/Users/Lucas/Projects/github-repos-poc/src/components/ui/UiPagination.vue","statementMap":{"0":{"start":{"line":28,"column":0},"end":{"line":null,"column":-1}},"1":{"start":{"line":32,"column":0},"end":{"line":34,"column":0}},"2":{"start":{"line":33,"column":0},"end":{"line":null,"column":-1}},"3":{"start":{"line":36,"column":0},"end":{"line":38,"column":0}},"4":{"start":{"line":37,"column":0},"end":{"line":null,"column":-1}},"5":{"start":{"line":44,"column":0},"end":{"line":null,"column":-1}}},"fnMap":{"0":{"name":"currentPage","decl":{"start":{"line":27,"column":0},"end":{"line":null,"column":-1}},"loc":{"start":{"line":27,"column":0},"end":{"line":29,"column":0}}},"1":{"name":"pages","decl":{"start":{"line":31,"column":0},"end":{"line":null,"column":-1}},"loc":{"start":{"line":31,"column":0},"end":{"line":39,"column":0}}},"2":{"name":"goTo","decl":{"start":{"line":43,"column":0},"end":{"line":null,"column":-1}},"loc":{"start":{"line":43,"column":0},"end":{"line":45,"column":0}}}},"branchMap":{"0":{"loc":{"start":{"line":32,"column":0},"end":{"line":34,"column":0}},"type":"if","locations":[{"start":{"line":32,"column":0},"end":{"line":34,"column":0}},{"start":{"line":32,"column":0},"end":{"line":34,"column":0}}]},"1":{"loc":{"start":{"line":36,"column":0},"end":{"line":38,"column":0}},"type":"if","locations":[{"start":{"line":36,"column":0},"end":{"line":38,"column":0}},{"start":{"line":36,"column":0},"end":{"line":38,"column":0}}]}},"s":{"0":0,"1":0,"2":0,"3":0,"4":0,"5":0},"f":{"0":0,"1":0,"2":0},"b":{"0":[0,0],"1":[0,0]}}
,"/Users/Lucas/Projects/github-repos-poc/src/components/ui/UiSorting.vue": {"path":"/Users/Lucas/Projects/github-repos-poc/src/components/ui/UiSorting.vue","statementMap":{"0":{"start":{"line":21,"column":0},"end":{"line":null,"column":-1}},"1":{"start":{"line":26,"column":0},"end":{"line":null,"column":-1}},"2":{"start":{"line":59,"column":0},"end":{"line":null,"column":-1}}},"fnMap":{"0":{"name":"_default","decl":{"start":{"line":21,"column":0},"end":{"line":null,"column":-1}},"loc":{"start":{"line":21,"column":0},"end":{"line":null,"column":-1}}},"1":{"name":"data","decl":{"start":{"line":25,"column":0},"end":{"line":null,"column":-1}},"loc":{"start":{"line":25,"column":0},"end":{"line":55,"column":0}}},"2":{"name":"selectSorting","decl":{"start":{"line":58,"column":0},"end":{"line":null,"column":-1}},"loc":{"start":{"line":58,"column":0},"end":{"line":60,"column":0}}}},"branchMap":{},"s":{"0":0,"1":0,"2":0},"f":{"0":0,"1":0,"2":0},"b":{}}
,"/Users/Lucas/Projects/github-repos-poc/src/components/ui/UiTabs.vue": {"path":"/Users/Lucas/Projects/github-repos-poc/src/components/ui/UiTabs.vue","statementMap":{"0":{"start":{"line":12,"column":0},"end":{"line":null,"column":-1}},"1":{"start":{"line":22,"column":0},"end":{"line":null,"column":-1}},"2":{"start":{"line":28,"column":0},"end":{"line":null,"column":-1}}},"fnMap":{"0":{"name":"mounted","decl":{"start":{"line":21,"column":0},"end":{"line":null,"column":-1}},"loc":{"start":{"line":21,"column":0},"end":{"line":23,"column":0}}},"1":{"name":"goTo","decl":{"start":{"line":27,"column":0},"end":{"line":null,"column":-1}},"loc":{"start":{"line":27,"column":0},"end":{"line":31,"column":0}}}},"branchMap":{},"s":{"0":0,"1":0,"2":0},"f":{"0":0,"1":0},"b":{}}
}
