TN:
SF:/Users/Lucas/Projects/github-repos-poc/src/App.vue
FNF:0
FNH:0
DA:11,1
LF:1
LH:1
BRF:0
BRH:0
end_of_record
TN:
SF:/Users/Lucas/Projects/github-repos-poc/src/components/Home.vue
FN:91,counter
FN:105,selectedFilters
FN:113,sorting
FN:117,totalPages
FN:126,created
FN:136,goTo
FN:145,search
FN:164,selectLanguage
FN:176,setFilters
FN:188,setSorting
FN:189,(anonymous_12)
FNF:11
FNH:0
FNDA:0,counter
FNDA:0,selectedFilters
FNDA:0,sorting
FNDA:0,totalPages
FNDA:0,created
FNDA:0,goTo
FNDA:0,search
FNDA:0,selectLanguage
FNDA:0,setFilters
FNDA:0,setSorting
FNDA:0,(anonymous_12)
DA:47,0
DA:48,0
DA:49,0
DA:50,0
DA:51,0
DA:92,0
DA:93,0
DA:95,0
DA:98,0
DA:99,0
DA:102,0
DA:106,0
DA:107,0
DA:110,0
DA:114,0
DA:118,0
DA:119,0
DA:121,0
DA:127,0
DA:137,0
DA:146,0
DA:147,0
DA:149,0
DA:150,0
DA:153,0
DA:156,0
DA:161,0
DA:165,0
DA:166,0
DA:168,0
DA:169,0
DA:172,0
DA:173,0
DA:177,0
DA:178,0
DA:180,0
DA:181,0
DA:184,0
DA:185,0
DA:188,0
DA:189,0
DA:190,0
LF:42
LH:0
BRDA:92,0,0,0
BRDA:92,0,1,0
BRDA:92,1,0,0
BRDA:92,1,1,0
BRDA:98,2,0,0
BRDA:98,2,1,0
BRDA:106,3,0,0
BRDA:106,3,1,0
BRDA:118,4,0,0
BRDA:118,4,1,0
BRDA:118,5,0,0
BRDA:118,5,1,0
BRDA:146,6,0,0
BRDA:146,6,1,0
BRDA:149,7,0,0
BRDA:149,7,1,0
BRDA:168,8,0,0
BRDA:168,8,1,0
BRDA:180,9,0,0
BRDA:180,9,1,0
BRF:20
BRH:0
end_of_record
TN:
SF:/Users/Lucas/Projects/github-repos-poc/src/components/RepositoryCard.vue
FN:112,data
FN:122,lastUpdate
FN:132,formatNumber
FN:134,checkStar
FN:142,(anonymous_7)
FN:145,starRepo
FN:151,(anonymous_9)
FN:174,(anonymous_10)
FNF:8
FNH:7
FNDA:6,data
FNDA:6,lastUpdate
FNDA:22,formatNumber
FNDA:7,checkStar
FNDA:0,(anonymous_7)
FNDA:2,starRepo
FNDA:1,(anonymous_9)
FNDA:1,(anonymous_10)
DA:34,2
DA:35,2
DA:36,2
DA:37,2
DA:113,6
DA:123,6
DA:125,6
DA:132,22
DA:134,7
DA:135,7
DA:136,7
DA:138,7
DA:139,0
DA:142,7
DA:145,2
DA:146,2
DA:147,2
DA:148,2
DA:150,2
DA:151,2
DA:154,2
DA:155,1
DA:156,1
DA:173,2
DA:174,2
DA:175,1
DA:178,2
DA:179,1
DA:182,2
DA:183,2
DA:184,2
DA:185,2
LF:32
LH:31
BRDA:136,0,0,7
BRDA:136,0,1,7
BRDA:138,1,0,0
BRDA:138,1,1,7
BRDA:138,2,0,7
BRDA:138,2,1,7
BRDA:146,3,0,2
BRDA:146,3,1,0
BRDA:150,4,0,1
BRDA:150,4,1,1
BRDA:150,5,0,2
BRDA:150,5,1,2
BRDA:154,6,0,1
BRDA:154,6,1,1
BRDA:173,7,0,1
BRDA:173,7,1,1
BRDA:178,8,0,1
BRDA:178,8,1,1
BRF:18
BRH:16
end_of_record
TN:
SF:/Users/Lucas/Projects/github-repos-poc/src/components/StarredRepos.vue
FN:59,data
FN:68,availableFilters
FN:70,(anonymous_4)
FN:71,(anonymous_5)
FN:89,counter
FN:97,hasRepos
FN:102,mounted
FN:109,updateList
FNF:8
FNH:0
FNDA:0,data
FNDA:0,availableFilters
FNDA:0,(anonymous_4)
FNDA:0,(anonymous_5)
FNDA:0,counter
FNDA:0,hasRepos
FNDA:0,mounted
FNDA:0,updateList
DA:46,0
DA:47,0
DA:48,0
DA:49,0
DA:60,0
DA:69,0
DA:70,0
DA:71,0
DA:72,0
DA:75,0
DA:82,0
DA:83,0
DA:86,0
DA:90,0
DA:91,0
DA:94,0
DA:98,0
DA:103,0
DA:110,0
LF:19
LH:0
BRDA:69,0,0,0
BRDA:69,0,1,0
BRDA:69,1,0,0
BRDA:69,1,1,0
BRDA:90,2,0,0
BRDA:90,2,1,0
BRDA:90,3,0,0
BRDA:90,3,1,0
BRDA:98,4,0,0
BRDA:98,4,1,0
BRF:10
BRH:0
end_of_record
TN:
SF:/Users/Lucas/Projects/github-repos-poc/src/components/ui/UiFilters.vue
FN:24,data
FN:34,_default
FN:61,_default
FN:66,selectFilters
FNF:4
FNH:0
FNDA:0,data
FNDA:0,_default
FNDA:0,_default
FNDA:0,selectFilters
DA:25,0
DA:34,0
DA:61,0
DA:67,0
LF:4
LH:0
BRF:0
BRH:0
end_of_record
TN:
SF:/Users/Lucas/Projects/github-repos-poc/src/components/ui/UiPagination.vue
FN:27,currentPage
FN:31,pages
FN:43,goTo
FNF:3
FNH:0
FNDA:0,currentPage
FNDA:0,pages
FNDA:0,goTo
DA:28,0
DA:32,0
DA:33,0
DA:36,0
DA:37,0
DA:44,0
LF:6
LH:0
BRDA:32,0,0,0
BRDA:32,0,1,0
BRDA:36,1,0,0
BRDA:36,1,1,0
BRF:4
BRH:0
end_of_record
TN:
SF:/Users/Lucas/Projects/github-repos-poc/src/components/ui/UiSorting.vue
FN:21,_default
FN:25,data
FN:58,selectSorting
FNF:3
FNH:0
FNDA:0,_default
FNDA:0,data
FNDA:0,selectSorting
DA:21,0
DA:26,0
DA:59,0
LF:3
LH:0
BRF:0
BRH:0
end_of_record
TN:
SF:/Users/Lucas/Projects/github-repos-poc/src/components/ui/UiTabs.vue
FN:21,mounted
FN:27,goTo
FNF:2
FNH:0
FNDA:0,mounted
FNDA:0,goTo
DA:12,0
DA:22,0
DA:28,0
LF:3
LH:0
BRF:0
BRH:0
end_of_record
